App/build/intermediates/manifest_merge_blame_file/release/manifest-merger-blame-release-report.txt
1<?xml version="1.0" encoding="utf-8"?>
2<manifest xmlns:android="http://schemas.android.com/apk/res/android"
3    package="com.example.cell_pwr_lite.CellPwrLite"
4    android:versionCode="1"
5    android:versionName="1.01.2" >
6
7    <uses-sdk
8        android:minSdkVersion="26"
8-->src/main/AndroidManifest.xml
9        android:targetSdkVersion="29" />
9-->src/main/AndroidManifest.xml
10
11    <uses-permission android:name="android.permission.ACCESS_FINE_LOCATION" />
11-->src/main/AndroidManifest.xml:4:5-78
11-->src/main/AndroidManifest.xml:4:22-76
12    <uses-permission android:name="android.permission.ACCESS_COARSE_LOCATION" />
12-->src/main/AndroidManifest.xml:5:5-81
12-->src/main/AndroidManifest.xml:5:22-78
13    <uses-permission android:name="android.permission.READ_PHONE_STATE" />
13-->src/main/AndroidManifest.xml:6:5-75
13-->src/main/AndroidManifest.xml:6:22-72
14    <uses-permission android:name="android.permission.INTERNET" />
14-->src/main/AndroidManifest.xml:7:5-66
14-->src/main/AndroidManifest.xml:7:22-64
15
16    <application
16-->src/main/AndroidManifest.xml:9:5-23:19
17        android:allowBackup="true"
17-->src/main/AndroidManifest.xml:10:9-35
18        android:appComponentFactory="androidx.core.app.CoreComponentFactory"
18-->[androidx.core:core:1.0.1] AndroidManifest.xml:22:18-86
19        android:icon="@mipmap/ic_launcher"
19-->src/main/AndroidManifest.xml:11:9-43
20        android:label="@string/app_name"
20-->src/main/AndroidManifest.xml:12:9-41
21        android:roundIcon="@mipmap/ic_launcher_round"
21-->src/main/AndroidManifest.xml:13:9-54
22        android:supportsRtl="true"
22-->src/main/AndroidManifest.xml:14:9-35
23        android:theme="@style/AppTheme" >
23-->src/main/AndroidManifest.xml:15:9-40
24        <activity android:name="com.example.cell_pwr_lite.MainActivity" >
24-->src/main/AndroidManifest.xml:16:9-22:20
24-->src/main/AndroidManifest.xml:16:19-47
25            <intent-filter>
25-->src/main/AndroidManifest.xml:17:13-21:29
26                <action android:name="android.intent.action.MAIN" />
26-->src/main/AndroidManifest.xml:18:17-69
26-->src/main/AndroidManifest.xml:18:25-66
27
28                <category android:name="android.intent.category.LAUNCHER" />
28-->src/main/AndroidManifest.xml:20:17-77
28-->src/main/AndroidManifest.xml:20:27-74
29            </intent-filter>
30        </activity>
31        <activity
31-->[com.google.android.gms:play-services-base:17.0.0] AndroidManifest.xml:23:9-26:75
32            android:name="com.google.android.gms.common.api.GoogleApiActivity"
32-->[com.google.android.gms:play-services-base:17.0.0] AndroidManifest.xml:24:13-79
33            android:exported="false"
33-->[com.google.android.gms:play-services-base:17.0.0] AndroidManifest.xml:25:13-37
34            android:theme="@android:style/Theme.Translucent.NoTitleBar" />
34-->[com.google.android.gms:play-services-base:17.0.0] AndroidManifest.xml:26:13-72
35
36        <meta-data
36-->[com.google.android.gms:play-services-basement:17.0.0] AndroidManifest.xml:23:9-25:69
37            android:name="com.google.android.gms.version"
37-->[com.google.android.gms:play-services-basement:17.0.0] AndroidManifest.xml:24:13-58
38            android:value="@integer/google_play_services_version" />
38-->[com.google.android.gms:play-services-basement:17.0.0] AndroidManifest.xml:25:13-66
39    </application>
40
41</manifest>